{
  "stats": {
    "suites": 1,
    "tests": 5,
    "passes": 5,
    "pending": 0,
    "failures": 0,
    "start": "2023-10-24T13:12:27.988Z",
    "end": "2023-10-24T13:12:31.499Z",
    "duration": 3511,
    "testsRegistered": 5,
    "passPercent": 100,
    "pendingPercent": 0,
    "other": 0,
    "hasOther": false,
    "skipped": 0,
    "hasSkipped": false
  },
  "results": [
    {
      "uuid": "5170c6af-41b3-445c-997f-e24555839f56",
      "title": "",
      "fullFile": "cypress\\e2e\\z2-advanced-examples\\storage.cy.js",
      "file": "cypress\\e2e\\z2-advanced-examples\\storage.cy.js",
      "beforeHooks": [],
      "afterHooks": [],
      "tests": [],
      "suites": [
        {
          "uuid": "bd4d6c5a-24e4-418a-85e7-919a4817acf8",
          "title": "Local Storage / Session Storage",
          "fullFile": "",
          "file": "",
          "beforeHooks": [],
          "afterHooks": [],
          "tests": [
            {
              "title": "cy.clearLocalStorage() - clear all data in localStorage for the current origin",
              "fullTitle": "Local Storage / Session Storage cy.clearLocalStorage() - clear all data in localStorage for the current origin",
              "timedOut": null,
              "duration": 784,
              "state": "passed",
              "speed": "fast",
              "pass": true,
              "fail": false,
              "pending": false,
              "context": null,
              "code": "// https://on.cypress.io/clearlocalstorage\ncy.get('.ls-btn').click().should(() => {\n  expect(localStorage.getItem('prop1')).to.eq('red');\n  expect(localStorage.getItem('prop2')).to.eq('blue');\n  expect(localStorage.getItem('prop3')).to.eq('magenta');\n});\n// clearLocalStorage() yields the localStorage object\ncy.clearLocalStorage().should(ls => {\n  expect(ls.getItem('prop1')).to.be.null;\n  expect(ls.getItem('prop2')).to.be.null;\n  expect(ls.getItem('prop3')).to.be.null;\n});\ncy.get('.ls-btn').click().should(() => {\n  expect(localStorage.getItem('prop1')).to.eq('red');\n  expect(localStorage.getItem('prop2')).to.eq('blue');\n  expect(localStorage.getItem('prop3')).to.eq('magenta');\n});\n// Clear key matching string in localStorage\ncy.clearLocalStorage('prop1').should(ls => {\n  expect(ls.getItem('prop1')).to.be.null;\n  expect(ls.getItem('prop2')).to.eq('blue');\n  expect(ls.getItem('prop3')).to.eq('magenta');\n});\ncy.get('.ls-btn').click().should(() => {\n  expect(localStorage.getItem('prop1')).to.eq('red');\n  expect(localStorage.getItem('prop2')).to.eq('blue');\n  expect(localStorage.getItem('prop3')).to.eq('magenta');\n});\n// Clear keys matching regex in localStorage\ncy.clearLocalStorage(/prop1|2/).should(ls => {\n  expect(ls.getItem('prop1')).to.be.null;\n  expect(ls.getItem('prop2')).to.be.null;\n  expect(ls.getItem('prop3')).to.eq('magenta');\n});",
              "err": {},
              "uuid": "4f3addb1-e4f0-4095-a90b-c5f5e43779e7",
              "parentUUID": "bd4d6c5a-24e4-418a-85e7-919a4817acf8",
              "isHook": false,
              "skipped": false
            },
            {
              "title": "cy.getAllLocalStorage() - get all data in localStorage for all origins",
              "fullTitle": "Local Storage / Session Storage cy.getAllLocalStorage() - get all data in localStorage for all origins",
              "timedOut": null,
              "duration": 232,
              "state": "passed",
              "speed": "fast",
              "pass": true,
              "fail": false,
              "pending": false,
              "context": null,
              "code": "// https://on.cypress.io/getalllocalstorage\ncy.get('.ls-btn').click();\n// getAllLocalStorage() yields a map of origins to localStorage values\ncy.getAllLocalStorage().should(storageMap => {\n  expect(storageMap).to.deep.equal({\n    // other origins will also be present if localStorage is set on them\n    'https://example.cypress.io': {\n      'prop1': 'red',\n      'prop2': 'blue',\n      'prop3': 'magenta'\n    }\n  });\n});",
              "err": {},
              "uuid": "2d09dde5-11ea-4ab7-a3ba-bde3aff0e1d1",
              "parentUUID": "bd4d6c5a-24e4-418a-85e7-919a4817acf8",
              "isHook": false,
              "skipped": false
            },
            {
              "title": "cy.clearAllLocalStorage() - clear all data in localStorage for all origins",
              "fullTitle": "Local Storage / Session Storage cy.clearAllLocalStorage() - clear all data in localStorage for all origins",
              "timedOut": null,
              "duration": 230,
              "state": "passed",
              "speed": "fast",
              "pass": true,
              "fail": false,
              "pending": false,
              "context": null,
              "code": "// https://on.cypress.io/clearalllocalstorage\ncy.get('.ls-btn').click();\n// clearAllLocalStorage() yields null\ncy.clearAllLocalStorage().should(() => {\n  expect(sessionStorage.getItem('prop1')).to.be.null;\n  expect(sessionStorage.getItem('prop2')).to.be.null;\n  expect(sessionStorage.getItem('prop3')).to.be.null;\n});",
              "err": {},
              "uuid": "7f2ce777-5590-47ae-ab07-42355edaa8d7",
              "parentUUID": "bd4d6c5a-24e4-418a-85e7-919a4817acf8",
              "isHook": false,
              "skipped": false
            },
            {
              "title": "cy.getAllSessionStorage() - get all data in sessionStorage for all origins",
              "fullTitle": "Local Storage / Session Storage cy.getAllSessionStorage() - get all data in sessionStorage for all origins",
              "timedOut": null,
              "duration": 193,
              "state": "passed",
              "speed": "fast",
              "pass": true,
              "fail": false,
              "pending": false,
              "context": null,
              "code": "// https://on.cypress.io/getallsessionstorage\ncy.get('.ls-btn').click();\n// getAllSessionStorage() yields a map of origins to sessionStorage values\ncy.getAllSessionStorage().should(storageMap => {\n  expect(storageMap).to.deep.equal({\n    // other origins will also be present if sessionStorage is set on them\n    'https://example.cypress.io': {\n      'prop4': 'cyan',\n      'prop5': 'yellow',\n      'prop6': 'black'\n    }\n  });\n});",
              "err": {},
              "uuid": "b4bf5929-3cc3-4aac-8079-dead5a979bfc",
              "parentUUID": "bd4d6c5a-24e4-418a-85e7-919a4817acf8",
              "isHook": false,
              "skipped": false
            },
            {
              "title": "cy.clearAllSessionStorage() - clear all data in sessionStorage for all origins",
              "fullTitle": "Local Storage / Session Storage cy.clearAllSessionStorage() - clear all data in sessionStorage for all origins",
              "timedOut": null,
              "duration": 179,
              "state": "passed",
              "speed": "fast",
              "pass": true,
              "fail": false,
              "pending": false,
              "context": null,
              "code": "// https://on.cypress.io/clearallsessionstorage\ncy.get('.ls-btn').click();\n// clearAllSessionStorage() yields null\ncy.clearAllSessionStorage().should(() => {\n  expect(sessionStorage.getItem('prop4')).to.be.null;\n  expect(sessionStorage.getItem('prop5')).to.be.null;\n  expect(sessionStorage.getItem('prop6')).to.be.null;\n});",
              "err": {},
              "uuid": "b451598f-5c88-452a-8808-ff760df683d3",
              "parentUUID": "bd4d6c5a-24e4-418a-85e7-919a4817acf8",
              "isHook": false,
              "skipped": false
            }
          ],
          "suites": [],
          "passes": [
            "4f3addb1-e4f0-4095-a90b-c5f5e43779e7",
            "2d09dde5-11ea-4ab7-a3ba-bde3aff0e1d1",
            "7f2ce777-5590-47ae-ab07-42355edaa8d7",
            "b4bf5929-3cc3-4aac-8079-dead5a979bfc",
            "b451598f-5c88-452a-8808-ff760df683d3"
          ],
          "failures": [],
          "pending": [],
          "skipped": [],
          "duration": 1618,
          "root": false,
          "rootEmpty": false,
          "_timeout": 2000
        }
      ],
      "passes": [],
      "failures": [],
      "pending": [],
      "skipped": [],
      "duration": 0,
      "root": true,
      "rootEmpty": true,
      "_timeout": 2000
    }
  ],
  "meta": {
    "mocha": {
      "version": "7.0.1"
    },
    "mochawesome": {
      "options": {
        "quiet": false,
        "reportFilename": "mochawesome",
        "saveHtml": false,
        "saveJson": true,
        "consoleReporter": "spec",
        "useInlineDiffs": false,
        "code": true
      },
      "version": "7.1.3"
    },
    "marge": {
      "options": {
        "id": "default",
        "reportDir": "cypress/results/mochawesome",
        "quite": true,
        "overwrite": false,
        "html": false,
        "json": true
      },
      "version": "6.2.0"
    }
  }
}