{
  "stats": {
    "suites": 1,
    "tests": 2,
    "passes": 2,
    "pending": 0,
    "failures": 0,
    "start": "2023-10-24T13:10:11.725Z",
    "end": "2023-10-24T13:10:11.826Z",
    "duration": 101,
    "testsRegistered": 2,
    "passPercent": 100,
    "pendingPercent": 0,
    "other": 0,
    "hasOther": false,
    "skipped": 0,
    "hasSkipped": false
  },
  "results": [
    {
      "uuid": "37c7f1cb-4382-48db-9280-cb91e89aaf4d",
      "title": "",
      "fullFile": "cypress\\e2e\\webdriver-uni\\hooks.js",
      "file": "cypress\\e2e\\webdriver-uni\\hooks.js",
      "beforeHooks": [],
      "afterHooks": [],
      "tests": [],
      "suites": [
        {
          "uuid": "d3943dd6-3264-4b4c-82be-95e7ae8cf153",
          "title": "Hooks",
          "fullFile": "",
          "file": "",
          "beforeHooks": [],
          "afterHooks": [],
          "tests": [
            {
              "title": "Example test 1",
              "fullTitle": "Hooks Example test 1",
              "timedOut": null,
              "duration": 28,
              "state": "passed",
              "speed": "fast",
              "pass": true,
              "fail": false,
              "pending": false,
              "context": null,
              "code": "cy.log(\"Example test 1\");",
              "err": {},
              "uuid": "edd8fbd0-2adf-40c6-b712-cf561261bbd5",
              "parentUUID": "d3943dd6-3264-4b4c-82be-95e7ae8cf153",
              "isHook": false,
              "skipped": false
            },
            {
              "title": "Example test 2",
              "fullTitle": "Hooks Example test 2",
              "timedOut": null,
              "duration": 16,
              "state": "passed",
              "speed": "fast",
              "pass": true,
              "fail": false,
              "pending": false,
              "context": null,
              "code": "cy.log(\"Example test 2\");",
              "err": {},
              "uuid": "78c7d790-1b0e-4cea-b2c0-4149979de512",
              "parentUUID": "d3943dd6-3264-4b4c-82be-95e7ae8cf153",
              "isHook": false,
              "skipped": false
            }
          ],
          "suites": [],
          "passes": [
            "edd8fbd0-2adf-40c6-b712-cf561261bbd5",
            "78c7d790-1b0e-4cea-b2c0-4149979de512"
          ],
          "failures": [],
          "pending": [],
          "skipped": [],
          "duration": 44,
          "root": false,
          "rootEmpty": false,
          "_timeout": 2000
        }
      ],
      "passes": [],
      "failures": [],
      "pending": [],
      "skipped": [],
      "duration": 0,
      "root": true,
      "rootEmpty": true,
      "_timeout": 2000
    }
  ],
  "meta": {
    "mocha": {
      "version": "7.0.1"
    },
    "mochawesome": {
      "options": {
        "quiet": false,
        "reportFilename": "mochawesome",
        "saveHtml": false,
        "saveJson": true,
        "consoleReporter": "spec",
        "useInlineDiffs": false,
        "code": true
      },
      "version": "7.1.3"
    },
    "marge": {
      "options": {
        "id": "default",
        "reportDir": "cypress/results/mochawesome",
        "quite": true,
        "overwrite": false,
        "html": false,
        "json": true
      },
      "version": "6.2.0"
    }
  }
}