{
  "stats": {
    "suites": 1,
    "tests": 1,
    "passes": 1,
    "pending": 0,
    "failures": 0,
    "start": "2023-10-24T13:10:14.114Z",
    "end": "2023-10-24T13:10:15.889Z",
    "duration": 1775,
    "testsRegistered": 1,
    "passPercent": 100,
    "pendingPercent": 0,
    "other": 0,
    "hasOther": false,
    "skipped": 0,
    "hasSkipped": false
  },
  "results": [
    {
      "uuid": "342c5276-98ab-44f9-a9f9-56bbcd889e21",
      "title": "",
      "fullFile": "cypress\\e2e\\webdriver-uni\\iframes.js",
      "file": "cypress\\e2e\\webdriver-uni\\iframes.js",
      "beforeHooks": [],
      "afterHooks": [],
      "tests": [],
      "suites": [
        {
          "uuid": "150176cf-8f51-4739-a611-6d13e685feb7",
          "title": "Handling iFrame and modals",
          "fullFile": "",
          "file": "",
          "beforeHooks": [],
          "afterHooks": [],
          "tests": [
            {
              "title": "Handle webdriveruni iframe and modal",
              "fullTitle": "Handling iFrame and modals Handle webdriveruni iframe and modal",
              "timedOut": null,
              "duration": 1722,
              "state": "passed",
              "speed": "fast",
              "pass": true,
              "fail": false,
              "pending": false,
              "context": null,
              "code": "cy.get(\"#frame\").then($iframe => {\n  const body = $iframe.contents().find(\"body\");\n  cy.wrap(body).as(\"iframe\");\n});\ncy.get(\"@iframe\").find(\"#button-find-out-more\").click();\ncy.get(\"@iframe\").find(\"#myModal\").as(\"modal\");\ncy.get(\"@modal\").find(\".modal-header\").invoke(\"text\").should(\"contain\", \"Welcome to webdriveruniversity.com\");\ncy.get(\"@modal\").find(\".modal-body\").invoke(\"text\").should(\"contain\", \"Welcome to webdriveruniversity.com we sell a wide range of electrical goods such as laptops, game consoles, cameras...\");\n// close modal by btn contain text:\ncy.get(\"@modal\").contains(\"Close\").click();",
              "err": {},
              "uuid": "2b6316c3-3d9d-4317-9d95-201230efdb48",
              "parentUUID": "150176cf-8f51-4739-a611-6d13e685feb7",
              "isHook": false,
              "skipped": false
            }
          ],
          "suites": [],
          "passes": [
            "2b6316c3-3d9d-4317-9d95-201230efdb48"
          ],
          "failures": [],
          "pending": [],
          "skipped": [],
          "duration": 1722,
          "root": false,
          "rootEmpty": false,
          "_timeout": 2000
        }
      ],
      "passes": [],
      "failures": [],
      "pending": [],
      "skipped": [],
      "duration": 0,
      "root": true,
      "rootEmpty": true,
      "_timeout": 2000
    }
  ],
  "meta": {
    "mocha": {
      "version": "7.0.1"
    },
    "mochawesome": {
      "options": {
        "quiet": false,
        "reportFilename": "mochawesome",
        "saveHtml": false,
        "saveJson": true,
        "consoleReporter": "spec",
        "useInlineDiffs": false,
        "code": true
      },
      "version": "7.1.3"
    },
    "marge": {
      "options": {
        "id": "default",
        "reportDir": "cypress/results/mochawesome",
        "quite": true,
        "overwrite": false,
        "html": false,
        "json": true
      },
      "version": "6.2.0"
    }
  }
}