{
  "stats": {
    "suites": 1,
    "tests": 4,
    "passes": 4,
    "pending": 0,
    "failures": 0,
    "start": "2023-10-24T13:13:30.367Z",
    "end": "2023-10-24T13:13:39.539Z",
    "duration": 9172,
    "testsRegistered": 4,
    "passPercent": 100,
    "pendingPercent": 0,
    "other": 0,
    "hasOther": false,
    "skipped": 0,
    "hasSkipped": false
  },
  "results": [
    {
      "uuid": "b2a7a7b6-774d-4551-9f35-80da22617361",
      "title": "",
      "fullFile": "cypress\\e2e\\automation-test-store\\cy-commands.js",
      "file": "cypress\\e2e\\automation-test-store\\cy-commands.js",
      "beforeHooks": [],
      "afterHooks": [],
      "tests": [],
      "suites": [
        {
          "uuid": "62f6931c-d927-4d62-a197-118316bd454b",
          "title": "Verifying variables, cypress commands and jquerry commands",
          "fullFile": "",
          "file": "",
          "beforeHooks": [],
          "afterHooks": [],
          "tests": [
            {
              "title": "Iterating over element to show indexes in the log",
              "fullTitle": "Verifying variables, cypress commands and jquerry commands Iterating over element to show indexes in the log",
              "timedOut": null,
              "duration": 2532,
              "state": "passed",
              "speed": "fast",
              "pass": true,
              "fail": false,
              "pending": false,
              "context": null,
              "code": "cy.get(\".fixed_wrapper .prdocutname\").each(($el, index, $list) => {\n  cy.log(`Index: ${index} : ${$el.text()}`);\n});",
              "err": {},
              "uuid": "99cdcfff-b505-4779-b5aa-e34a79acce15",
              "parentUUID": "62f6931c-d927-4d62-a197-118316bd454b",
              "isHook": false,
              "skipped": false
            },
            {
              "title": "Iterating over element with Eau Parfumee au The Vert Shampoo",
              "fullTitle": "Verifying variables, cypress commands and jquerry commands Iterating over element with Eau Parfumee au The Vert Shampoo",
              "timedOut": null,
              "duration": 1902,
              "state": "passed",
              "speed": "fast",
              "pass": true,
              "fail": false,
              "pending": false,
              "context": null,
              "code": "cy.selectProduct(\"Eau Parfumee au The Vert Shampoo\");",
              "err": {},
              "uuid": "6e733728-ac1e-4f26-81ea-ac975690cb9b",
              "parentUUID": "62f6931c-d927-4d62-a197-118316bd454b",
              "isHook": false,
              "skipped": false
            },
            {
              "title": "Iterating over element with Pantene Pro-V Conditioner, Classic Care",
              "fullTitle": "Verifying variables, cypress commands and jquerry commands Iterating over element with Pantene Pro-V Conditioner, Classic Care",
              "timedOut": null,
              "duration": 1485,
              "state": "passed",
              "speed": "fast",
              "pass": true,
              "fail": false,
              "pending": false,
              "context": null,
              "code": "cy.selectProduct(\"Pantene Pro-V Conditioner, Classic Care\");",
              "err": {},
              "uuid": "559fde8d-1d09-4f02-8c0f-f6adaeafa38d",
              "parentUUID": "62f6931c-d927-4d62-a197-118316bd454b",
              "isHook": false,
              "skipped": false
            },
            {
              "title": "Iterating over element with Curls to straight Shampoo, Classic Care",
              "fullTitle": "Verifying variables, cypress commands and jquerry commands Iterating over element with Curls to straight Shampoo, Classic Care",
              "timedOut": null,
              "duration": 1315,
              "state": "passed",
              "speed": "fast",
              "pass": true,
              "fail": false,
              "pending": false,
              "context": null,
              "code": "cy.selectProduct(\"Curls to straight Shampoo, Classic Care\");",
              "err": {},
              "uuid": "3f5b91b3-213c-46f3-a89d-549074bc466f",
              "parentUUID": "62f6931c-d927-4d62-a197-118316bd454b",
              "isHook": false,
              "skipped": false
            }
          ],
          "suites": [],
          "passes": [
            "99cdcfff-b505-4779-b5aa-e34a79acce15",
            "6e733728-ac1e-4f26-81ea-ac975690cb9b",
            "559fde8d-1d09-4f02-8c0f-f6adaeafa38d",
            "3f5b91b3-213c-46f3-a89d-549074bc466f"
          ],
          "failures": [],
          "pending": [],
          "skipped": [],
          "duration": 7234,
          "root": false,
          "rootEmpty": false,
          "_timeout": 2000
        }
      ],
      "passes": [],
      "failures": [],
      "pending": [],
      "skipped": [],
      "duration": 0,
      "root": true,
      "rootEmpty": true,
      "_timeout": 2000
    }
  ],
  "meta": {
    "mocha": {
      "version": "7.0.1"
    },
    "mochawesome": {
      "options": {
        "quiet": false,
        "reportFilename": "mochawesome",
        "saveHtml": false,
        "saveJson": true,
        "consoleReporter": "spec",
        "useInlineDiffs": false,
        "code": true
      },
      "version": "7.1.3"
    },
    "marge": {
      "options": {
        "id": "default",
        "reportDir": "cypress/results/mochawesome",
        "quite": true,
        "overwrite": false,
        "html": false,
        "json": true
      },
      "version": "6.2.0"
    }
  }
}