{
  "stats": {
    "suites": 1,
    "tests": 3,
    "passes": 3,
    "pending": 0,
    "failures": 0,
    "start": "2023-10-24T13:10:26.206Z",
    "end": "2023-10-24T13:10:28.359Z",
    "duration": 2153,
    "testsRegistered": 3,
    "passPercent": 100,
    "pendingPercent": 0,
    "other": 0,
    "hasOther": false,
    "skipped": 0,
    "hasSkipped": false
  },
  "results": [
    {
      "uuid": "36bf1b24-75b1-4a1e-b367-a46685b76db1",
      "title": "",
      "fullFile": "cypress\\e2e\\webdriver-uni\\radio-buttons.js",
      "file": "cypress\\e2e\\webdriver-uni\\radio-buttons.js",
      "beforeHooks": [],
      "afterHooks": [],
      "tests": [],
      "suites": [
        {
          "uuid": "6d599d85-b148-4ff8-b767-88f1bc546b95",
          "title": "Handling radio buttons",
          "fullFile": "",
          "file": "",
          "beforeHooks": [],
          "afterHooks": [],
          "tests": [
            {
              "title": "Handle radio button",
              "fullTitle": "Handling radio buttons Handle radio button",
              "timedOut": null,
              "duration": 1199,
              "state": "passed",
              "speed": "fast",
              "pass": true,
              "fail": false,
              "pending": false,
              "context": null,
              "code": "// cy.get(\"#radio-buttons input[value='blue']\").as(\"radioBlue\");\n//   cy.get(\"@radioBlue\").check();\n// could be replaced:\ncy.get(\"#radio-buttons\").find(\"input[type='radio']\").eq(1).as(\"radioBlue\");\ncy.get(\"@radioBlue\").check();\ncy.get(\"@radioBlue\").should(\"be.checked\");\ncy.get(\"#radio-buttons input[value='yellow']\").as(\"radioYellow\");\ncy.get(\"@radioYellow\").check();\ncy.get(\"@radioYellow\").should(\"be.checked\");\ncy.get(\"@radioBlue\").should(\"not.be.checked\");",
              "err": {},
              "uuid": "a909b103-fc1a-4c26-b844-99b59b3387da",
              "parentUUID": "6d599d85-b148-4ff8-b767-88f1bc546b95",
              "isHook": false,
              "skipped": false
            },
            {
              "title": "Validate disabled radio button",
              "fullTitle": "Handling radio buttons Validate disabled radio button",
              "timedOut": null,
              "duration": 367,
              "state": "passed",
              "speed": "fast",
              "pass": true,
              "fail": false,
              "pending": false,
              "context": null,
              "code": "cy.get(\"#radio-buttons-selected-disabled input[value='cabbage']\").as(\"radioDisabled\");\ncy.get(\"@radioDisabled\").should(\"be.disabled\");",
              "err": {},
              "uuid": "4c3087d9-6e0d-4598-afab-9061c31988ac",
              "parentUUID": "6d599d85-b148-4ff8-b767-88f1bc546b95",
              "isHook": false,
              "skipped": false
            },
            {
              "title": "Validate already checked radio button",
              "fullTitle": "Handling radio buttons Validate already checked radio button",
              "timedOut": null,
              "duration": 419,
              "state": "passed",
              "speed": "fast",
              "pass": true,
              "fail": false,
              "pending": false,
              "context": null,
              "code": "cy.get(\"#radio-buttons-selected-disabled input[value='pumpkin']\").as(\"radioChecked\");\n// defaultly checked assertion:\n// pumpkin is checked by default\ncy.get(\"@radioChecked\").should(\"be.checked\");\ncy.get(\"#radio-buttons-selected-disabled input[value='lettuce']\").as(\"radioLettuce\");\ncy.get(\"@radioLettuce\").check();\ncy.get(\"@radioLettuce\").should(\"be.checked\");\ncy.get(\"@radioChecked\").should(\"not.be.checked\");",
              "err": {},
              "uuid": "a3484426-abb7-49ed-8545-37ef89547353",
              "parentUUID": "6d599d85-b148-4ff8-b767-88f1bc546b95",
              "isHook": false,
              "skipped": false
            }
          ],
          "suites": [],
          "passes": [
            "a909b103-fc1a-4c26-b844-99b59b3387da",
            "4c3087d9-6e0d-4598-afab-9061c31988ac",
            "a3484426-abb7-49ed-8545-37ef89547353"
          ],
          "failures": [],
          "pending": [],
          "skipped": [],
          "duration": 1985,
          "root": false,
          "rootEmpty": false,
          "_timeout": 2000
        }
      ],
      "passes": [],
      "failures": [],
      "pending": [],
      "skipped": [],
      "duration": 0,
      "root": true,
      "rootEmpty": true,
      "_timeout": 2000
    }
  ],
  "meta": {
    "mocha": {
      "version": "7.0.1"
    },
    "mochawesome": {
      "options": {
        "quiet": false,
        "reportFilename": "mochawesome",
        "saveHtml": false,
        "saveJson": true,
        "consoleReporter": "spec",
        "useInlineDiffs": false,
        "code": true
      },
      "version": "7.1.3"
    },
    "marge": {
      "options": {
        "id": "default",
        "reportDir": "cypress/results/mochawesome",
        "quite": true,
        "overwrite": false,
        "html": false,
        "json": true
      },
      "version": "6.2.0"
    }
  }
}