{
  "stats": {
    "suites": 1,
    "tests": 4,
    "passes": 4,
    "pending": 0,
    "failures": 0,
    "start": "2023-10-24T13:09:48.140Z",
    "end": "2023-10-24T13:09:57.557Z",
    "duration": 9417,
    "testsRegistered": 4,
    "passPercent": 100,
    "pendingPercent": 0,
    "other": 0,
    "hasOther": false,
    "skipped": 0,
    "hasSkipped": false
  },
  "results": [
    {
      "uuid": "7e1576ce-38d0-4634-98c9-706c9076fd7e",
      "title": "",
      "fullFile": "cypress\\e2e\\webdriver-uni\\contact-us.js",
      "file": "cypress\\e2e\\webdriver-uni\\contact-us.js",
      "beforeHooks": [],
      "afterHooks": [],
      "tests": [],
      "suites": [
        {
          "uuid": "f85d965f-e2f0-4616-9ceb-e07d551b1bba",
          "title": "Test Contact Us page form viac webdriverUni",
          "fullFile": "",
          "file": "",
          "beforeHooks": [],
          "afterHooks": [],
          "tests": [
            {
              "title": "Should be able to submit a successful submission via contact us form",
              "fullTitle": "Test Contact Us page form viac webdriverUni Should be able to submit a successful submission via contact us form",
              "timedOut": null,
              "duration": 3400,
              "state": "passed",
              "speed": "fast",
              "pass": true,
              "fail": false,
              "pending": false,
              "context": null,
              "code": "// possitive scenario code\n// NOW JUST FAKE ACCESS THE OPENED TAB:\n// cy.visit(\"https://webdriveruniversity.com/Contact-Us/contactus.html\");\n// cy dokument, title and url examples:\ncy.document().should(\"have.property\", \"charset\").and(\"eq\", \"UTF-8\");\ncy.title().should(\"include\", \"WebDriver | Contact Us\");\ncy.url().should(\"include\", \"/Contact-Us/contactus.html\");\ncontact_us_PO.fillContactUsForm(Cypress.env(\"first_name\"), data.last_name, data.email, data.body);\ncontact_us_PO.submitContactUsForm();\ncy.get(\"#contact_reply h1\").should(\"have.text\", \"Thank You for your Message!\");\n// cy.pause can be part of command chains like this:\n/* cy.get(\"#contact_reply h1\")\n  .pause()\n  .should(\"have.text\", \"Thank You for your Message!\"); */\nconsole.log(\"Test finished successfully\");\ncy.log(\"This is equivalent of above, actually visible in Cypress console\");\n// cy.screenshot(\"Make a contact us form submission\");\n// this will make a screenshot after run",
              "err": {},
              "uuid": "4eefaa58-3144-4027-b096-4ef9421157fd",
              "parentUUID": "f85d965f-e2f0-4616-9ceb-e07d551b1bba",
              "isHook": false,
              "skipped": false
            },
            {
              "title": "Should not be able to submit a successful submission via contact us form ass all fields are required",
              "fullTitle": "Test Contact Us page form viac webdriverUni Should not be able to submit a successful submission via contact us form ass all fields are required",
              "timedOut": null,
              "duration": 1416,
              "state": "passed",
              "speed": "fast",
              "pass": true,
              "fail": false,
              "pending": false,
              "context": null,
              "code": "// negative scenario code\ncontact_us_PO.fillContactUsForm(data.first_name, data.last_name, data.email_invalid, undefined);\n// not included comment, but all fields are required\ncontact_us_PO.submitContactUsForm();\ncy.get(\"body\").contains(\"Error: all fields are required\");\ncy.get(\"body\").should(\"have.text\", \"\\n\\n\\n Error: all fields are required\\n Error: Invalid email address\\n\\n\\n\");",
              "err": {},
              "uuid": "05545be9-9cf7-4d54-a84c-c39b454f8259",
              "parentUUID": "f85d965f-e2f0-4616-9ceb-e07d551b1bba",
              "isHook": false,
              "skipped": false
            },
            {
              "title": "Should be able to submit a successful submission via contact us form in one custom command",
              "fullTitle": "Test Contact Us page form viac webdriverUni Should be able to submit a successful submission via contact us form in one custom command",
              "timedOut": null,
              "duration": 3276,
              "state": "passed",
              "speed": "fast",
              "pass": true,
              "fail": false,
              "pending": false,
              "context": null,
              "code": "// possitive scenario code\ncontact_us_PO.fillAndSubmitContactUsForm(data.first_name, data.last_name, data.email, data.body, \"#contact_reply h1\", \"Thank You for your Message!\");",
              "err": {},
              "uuid": "b6d5827e-bc56-4833-86c8-6f2488b61d3c",
              "parentUUID": "f85d965f-e2f0-4616-9ceb-e07d551b1bba",
              "isHook": false,
              "skipped": false
            },
            {
              "title": "Should not be able to submit a successful submission via contact us form ass all fields are required in one custom command",
              "fullTitle": "Test Contact Us page form viac webdriverUni Should not be able to submit a successful submission via contact us form ass all fields are required in one custom command",
              "timedOut": null,
              "duration": 1195,
              "state": "passed",
              "speed": "fast",
              "pass": true,
              "fail": false,
              "pending": false,
              "context": null,
              "code": "// negative scenario code\ncontact_us_PO.fillAndSubmitContactUsForm(data.first_name, data.last_name, data.email_invalid, undefined, \"body\", \"\\n\\n\\n Error: all fields are required\\n Error: Invalid email address\\n\\n\\n\");",
              "err": {},
              "uuid": "4a0b0b5e-7ac5-4602-bbcb-56ca60563d48",
              "parentUUID": "f85d965f-e2f0-4616-9ceb-e07d551b1bba",
              "isHook": false,
              "skipped": false
            }
          ],
          "suites": [],
          "passes": [
            "4eefaa58-3144-4027-b096-4ef9421157fd",
            "05545be9-9cf7-4d54-a84c-c39b454f8259",
            "b6d5827e-bc56-4833-86c8-6f2488b61d3c",
            "4a0b0b5e-7ac5-4602-bbcb-56ca60563d48"
          ],
          "failures": [],
          "pending": [],
          "skipped": [],
          "duration": 9287,
          "root": false,
          "rootEmpty": false,
          "_timeout": 2000
        }
      ],
      "passes": [],
      "failures": [],
      "pending": [],
      "skipped": [],
      "duration": 0,
      "root": true,
      "rootEmpty": true,
      "_timeout": 2000
    }
  ],
  "meta": {
    "mocha": {
      "version": "7.0.1"
    },
    "mochawesome": {
      "options": {
        "quiet": false,
        "reportFilename": "mochawesome",
        "saveHtml": false,
        "saveJson": true,
        "consoleReporter": "spec",
        "useInlineDiffs": false,
        "code": true
      },
      "version": "7.1.3"
    },
    "marge": {
      "options": {
        "id": "default",
        "reportDir": "cypress/results/mochawesome",
        "quite": true,
        "overwrite": false,
        "html": false,
        "json": true
      },
      "version": "6.2.0"
    }
  }
}