{
  "stats": {
    "suites": 1,
    "tests": 1,
    "passes": 1,
    "pending": 0,
    "failures": 0,
    "start": "2023-10-24T13:10:01.959Z",
    "end": "2023-10-24T13:10:03.241Z",
    "duration": 1282,
    "testsRegistered": 1,
    "passPercent": 100,
    "pendingPercent": 0,
    "other": 0,
    "hasOther": false,
    "skipped": 0,
    "hasSkipped": false
  },
  "results": [
    {
      "uuid": "f09694ab-309f-432d-bcd9-6059027e4b76",
      "title": "",
      "fullFile": "cypress\\e2e\\webdriver-uni\\datepicker.js",
      "file": "cypress\\e2e\\webdriver-uni\\datepicker.js",
      "beforeHooks": [],
      "afterHooks": [],
      "tests": [],
      "suites": [
        {
          "uuid": "bfa3f9fc-a1b8-4717-af83-e902cd35bb5f",
          "title": "Handling radio buttons",
          "fullFile": "",
          "file": "",
          "beforeHooks": [],
          "afterHooks": [],
          "tests": [
            {
              "title": "Filing datepicker with value with right amount of power",
              "fullTitle": "Handling radio buttons Filing datepicker with value with right amount of power",
              "timedOut": null,
              "duration": 1224,
              "state": "passed",
              "speed": "fast",
              "pass": true,
              "fail": false,
              "pending": false,
              "context": null,
              "code": "const dateInString = \"11-02-2024\";\n// cy.get(\"#datepicker input\").invoke(\"val\").should(\"eq\", \"10-16-2023\");\ncy.get(\"#datepicker input\").clear({\n  force: true\n}).type(dateInString, {\n  force: true\n});\ncy.get(\"#datepicker input\").invoke(\"val\").should(\"eq\", dateInString);",
              "err": {},
              "uuid": "03ff479b-2ee8-4e7d-be22-3cd92ece9e22",
              "parentUUID": "bfa3f9fc-a1b8-4717-af83-e902cd35bb5f",
              "isHook": false,
              "skipped": false
            }
          ],
          "suites": [],
          "passes": [
            "03ff479b-2ee8-4e7d-be22-3cd92ece9e22"
          ],
          "failures": [],
          "pending": [],
          "skipped": [],
          "duration": 1224,
          "root": false,
          "rootEmpty": false,
          "_timeout": 2000
        }
      ],
      "passes": [],
      "failures": [],
      "pending": [],
      "skipped": [],
      "duration": 0,
      "root": true,
      "rootEmpty": true,
      "_timeout": 2000
    }
  ],
  "meta": {
    "mocha": {
      "version": "7.0.1"
    },
    "mochawesome": {
      "options": {
        "quiet": false,
        "reportFilename": "mochawesome",
        "saveHtml": false,
        "saveJson": true,
        "consoleReporter": "spec",
        "useInlineDiffs": false,
        "code": true
      },
      "version": "7.1.3"
    },
    "marge": {
      "options": {
        "id": "default",
        "reportDir": "cypress/results/mochawesome",
        "quite": true,
        "overwrite": false,
        "html": false,
        "json": true
      },
      "version": "6.2.0"
    }
  }
}