{
  "stats": {
    "suites": 1,
    "tests": 16,
    "passes": 16,
    "pending": 0,
    "failures": 0,
    "start": "2023-10-24T13:10:30.051Z",
    "end": "2023-10-24T13:10:37.885Z",
    "duration": 7834,
    "testsRegistered": 16,
    "passPercent": 100,
    "pendingPercent": 0,
    "other": 0,
    "hasOther": false,
    "skipped": 0,
    "hasSkipped": false
  },
  "results": [
    {
      "uuid": "b10af835-1657-4c58-8721-199c2e362444",
      "title": "",
      "fullFile": "cypress\\e2e\\webdriver-uni\\traversing-elements.js",
      "file": "cypress\\e2e\\webdriver-uni\\traversing-elements.js",
      "beforeHooks": [],
      "afterHooks": [],
      "tests": [],
      "suites": [
        {
          "uuid": "8c5d7ed5-2cdf-499a-9e49-98421d862ad3",
          "title": "Traversing DOM elements in Cypress",
          "fullFile": "",
          "file": "",
          "beforeHooks": [],
          "afterHooks": [],
          "tests": [
            {
              "title": "children() to get the children of DOM elements",
              "fullTitle": "Traversing DOM elements in Cypress children() to get the children of DOM elements",
              "timedOut": null,
              "duration": 960,
              "state": "passed",
              "speed": "fast",
              "pass": true,
              "fail": false,
              "pending": false,
              "context": null,
              "code": "cy.get(\".traversal-breadcrumb\").children(\".active\").should(\"contain\", \"Contact Us\");\n// this should verify that contact us link has a .active class\ncy.get(\".traversal-breadcrumb\").children(\".breadcrumb-item\").should(\"contain\", \"About Us\");\n// this is just mine addition which works fine.\n// all three links have this specific class, so it works for all of them",
              "err": {},
              "uuid": "83c227cf-873d-4f82-927c-ce6da1c1f5bb",
              "parentUUID": "8c5d7ed5-2cdf-499a-9e49-98421d862ad3",
              "isHook": false,
              "skipped": false
            },
            {
              "title": "closest() to validate the closest ancestor DOM element",
              "fullTitle": "Traversing DOM elements in Cypress closest() to validate the closest ancestor DOM element",
              "timedOut": null,
              "duration": 329,
              "state": "passed",
              "speed": "fast",
              "pass": true,
              "fail": false,
              "pending": false,
              "context": null,
              "code": "cy.get(\".traversal-badge\").closest(\"ul\").should(\"have.class\", \"list-group\");\n// it is good example of using closest when traversal up through document",
              "err": {},
              "uuid": "dcadf432-4fb8-4010-a4bf-07c1d0b3f316",
              "parentUUID": "8c5d7ed5-2cdf-499a-9e49-98421d862ad3",
              "isHook": false,
              "skipped": false
            },
            {
              "title": "eq() to retrieve a specific element based on index",
              "fullTitle": "Traversing DOM elements in Cypress eq() to retrieve a specific element based on index",
              "timedOut": null,
              "duration": 292,
              "state": "passed",
              "speed": "fast",
              "pass": true,
              "fail": false,
              "pending": false,
              "context": null,
              "code": "// example of using eq() command and assert if third item in the list is 'Milk'\ncy.get(\".traversal-drinks-list\").find(\"li\").eq(2).invoke(\"text\").should(\"eq\", \"Milk\");\n// same with fourth 'esspresso', numbers are index based:\ncy.get(\".traversal-drinks-list > *\").eq(3).invoke(\"text\").should(\"eq\", \"Espresso\");\n// this is without 'find('li') because there are only 5 li elements",
              "err": {},
              "uuid": "11a29332-cb98-4048-8168-28b175e2a64c",
              "parentUUID": "8c5d7ed5-2cdf-499a-9e49-98421d862ad3",
              "isHook": false,
              "skipped": false
            },
            {
              "title": "filter() to retrieve DOM elements that match a specific selector",
              "fullTitle": "Traversing DOM elements in Cypress filter() to retrieve DOM elements that match a specific selector",
              "timedOut": null,
              "duration": 313,
              "state": "passed",
              "speed": "fast",
              "pass": true,
              "fail": false,
              "pending": false,
              "context": null,
              "code": "cy.get(\".btn-group-toggle > *\").filter(\".active\").should(\"have.class\", \"active\").and(\"have.text\", \"Button-1\").and(\"have.css\", \"background-color\").and(\"eq\", \"rgb(40, 96, 144)\");\n// using filter to specify element based on some condition\n// here it is that select only btns which has active class\n// only one btn is selected based on this filter",
              "err": {},
              "uuid": "f4968ad5-e8f9-4f59-8abb-ec6a5ec56f15",
              "parentUUID": "8c5d7ed5-2cdf-499a-9e49-98421d862ad3",
              "isHook": false,
              "skipped": false
            },
            {
              "title": "find() to retrieve DOM elements of a given selector",
              "fullTitle": "Traversing DOM elements in Cypress find() to retrieve DOM elements of a given selector",
              "timedOut": null,
              "duration": 293,
              "state": "passed",
              "speed": "fast",
              "pass": true,
              "fail": false,
              "pending": false,
              "context": null,
              "code": "cy.get(\".traversal-pagination\").find(\"a\").should(\"have.length\", 7);\n// find can get us multiple elements which are located inside the DOM tree under previously selected element\n// actual test just checks if there 7 a links elements in pagination",
              "err": {},
              "uuid": "40ee1c8a-d3ec-4981-94e3-3f130a175a97",
              "parentUUID": "8c5d7ed5-2cdf-499a-9e49-98421d862ad3",
              "isHook": false,
              "skipped": false
            },
            {
              "title": "first() to retrieve the first DOM element within elements ",
              "fullTitle": "Traversing DOM elements in Cypress first() to retrieve the first DOM element within elements ",
              "timedOut": null,
              "duration": 378,
              "state": "passed",
              "speed": "fast",
              "pass": true,
              "fail": false,
              "pending": false,
              "context": null,
              "code": "cy.get(\".traversal-table tbody > tr > td\").first().invoke(\"text\").should(\"eq\", \"Andy\");\n// .traversal-table tbody > tr > td has 6 matches in 3 table rows\n// first() only returns the first of 6 elements\n// which is Andy\ncy.get(\".traversal-table tbody > tr\").first().invoke(\"text\").should(\"include\", \"Andy\").and(\"include\", \"Otto\");",
              "err": {},
              "uuid": "a319c8b8-b6eb-44a9-ab21-bc2afa1f8ae8",
              "parentUUID": "8c5d7ed5-2cdf-499a-9e49-98421d862ad3",
              "isHook": false,
              "skipped": false
            },
            {
              "title": "last() to retrieve the last DOM element within elements",
              "fullTitle": "Traversing DOM elements in Cypress last() to retrieve the last DOM element within elements",
              "timedOut": null,
              "duration": 349,
              "state": "passed",
              "speed": "fast",
              "pass": true,
              "fail": false,
              "pending": false,
              "context": null,
              "code": "cy.get(\".traversal-table tbody > tr > td\").last().invoke(\"text\").should(\"eq\", \"Scott\");\n// .traversal-table tbody > tr > td has 6 matches in 3 table rows\n// last() only returns the last of 6 elements\n// which is Scott\n// it is just opposite of first()\ncy.get(\".traversal-table tbody > tr\").last().invoke(\"text\").should(\"include\", \"Scott\").and(\"include\", \"Larry\");",
              "err": {},
              "uuid": "55d27e76-1deb-4085-87d9-846d932f4e37",
              "parentUUID": "8c5d7ed5-2cdf-499a-9e49-98421d862ad3",
              "isHook": false,
              "skipped": false
            },
            {
              "title": "nextAll() to get all of the next sibling DOM elements within elements",
              "fullTitle": "Traversing DOM elements in Cypress nextAll() to get all of the next sibling DOM elements within elements",
              "timedOut": null,
              "duration": 337,
              "state": "passed",
              "speed": "fast",
              "pass": true,
              "fail": false,
              "pending": false,
              "context": null,
              "code": "// we can use nextAll() for verifying remaining siblings of an element that are located under the elemnt in the DOM tree\n// challenge is to assert number of elements located under the 'Tea' list item>\n// it has its own ID, so it's easy to locate\ncy.get(\"#tea\").nextAll().should(\"have.length\", 3);\n// it should include espresso in the list\ncy.get(\"#tea\").nextAll().invoke(\"text\").should(\"include\", \"Espresso\");\n// next sibling element should be 'Milk'\ncy.get(\"#tea\").next().should(\"have.text\", \"Milk\");",
              "err": {},
              "uuid": "c40a8895-2e8f-4301-827b-1e36bbd2f149",
              "parentUUID": "8c5d7ed5-2cdf-499a-9e49-98421d862ad3",
              "isHook": false,
              "skipped": false
            },
            {
              "title": "nextUntil() to get all of the next sibling DOM elements within elements until another element",
              "fullTitle": "Traversing DOM elements in Cypress nextUntil() to get all of the next sibling DOM elements within elements until another element",
              "timedOut": null,
              "duration": 362,
              "state": "passed",
              "speed": "fast",
              "pass": true,
              "fail": false,
              "pending": false,
              "context": null,
              "code": "cy.get(\"#coffee\").nextUntil(\"#milk\").should(\"have.length\", 1).and(\"have.text\", \"Tea\");\n// next until runs until meets specified condition\n// so only 'Tea' list item is listed back\n// not including provided element, that's why only 1 is returnd in this case",
              "err": {},
              "uuid": "e7addbc2-efd9-4708-87af-be309671466a",
              "parentUUID": "8c5d7ed5-2cdf-499a-9e49-98421d862ad3",
              "isHook": false,
              "skipped": false
            },
            {
              "title": "not() to remove DOM element(s) from the set of elements",
              "fullTitle": "Traversing DOM elements in Cypress not() to remove DOM element(s) from the set of elements",
              "timedOut": null,
              "duration": 507,
              "state": "passed",
              "speed": "fast",
              "pass": true,
              "fail": false,
              "pending": false,
              "context": null,
              "code": "// using not to lacate all buttons that are not disabled:\ncy.get(\".traversal-button-states\").find(\".btn\").not(\".disabled\").should(\"have.length\", 3).and(\"not.have.class\", \"disabled\");",
              "err": {},
              "uuid": "39b55720-070b-4a6f-8aa3-6022e98a9a66",
              "parentUUID": "8c5d7ed5-2cdf-499a-9e49-98421d862ad3",
              "isHook": false,
              "skipped": false
            },
            {
              "title": "parent() To get parent DOM element of elements",
              "fullTitle": "Traversing DOM elements in Cypress parent() To get parent DOM element of elements",
              "timedOut": null,
              "duration": 407,
              "state": "passed",
              "speed": "fast",
              "pass": true,
              "fail": false,
              "pending": false,
              "context": null,
              "code": "cy.get(\".traversal-mark\").parent().should(\"contain\", \"Lorem ipsum dolor sit amet\").and(\"contain\", \"quisque sagittis purus sit amet volutpat consequat.\");",
              "err": {},
              "uuid": "2ae64525-8070-46ac-bc39-3e2adacd04e2",
              "parentUUID": "8c5d7ed5-2cdf-499a-9e49-98421d862ad3",
              "isHook": false,
              "skipped": false
            },
            {
              "title": "parents() to get parents DOM element of elements",
              "fullTitle": "Traversing DOM elements in Cypress parents() to get parents DOM element of elements",
              "timedOut": null,
              "duration": 346,
              "state": "passed",
              "speed": "fast",
              "pass": true,
              "fail": false,
              "pending": false,
              "context": null,
              "code": "cy.get(\".traversal-cite\").parents().should(\"match\", \"blockquote\");\n// assertion that blockquote is located as one of the paremnts of cite element",
              "err": {},
              "uuid": "25be0da4-5b91-455d-af8c-a87a8742b812",
              "parentUUID": "8c5d7ed5-2cdf-499a-9e49-98421d862ad3",
              "isHook": false,
              "skipped": false
            },
            {
              "title": "prev() to get the previous sibling DOM element within elements",
              "fullTitle": "Traversing DOM elements in Cypress prev() to get the previous sibling DOM element within elements",
              "timedOut": null,
              "duration": 997,
              "state": "passed",
              "speed": "fast",
              "pass": true,
              "fail": false,
              "pending": false,
              "context": null,
              "code": "// challenge: check if previous list item in UL is Espresso if actual is Sugar:\ncy.get(\"#sugar\").prev().should(\"contain\", \"Espresso\");",
              "err": {},
              "uuid": "13629a36-71c2-4dff-aa8d-481c76cc140b",
              "parentUUID": "8c5d7ed5-2cdf-499a-9e49-98421d862ad3",
              "isHook": false,
              "skipped": false
            },
            {
              "title": "prevAll() to get all previous sibling DOM elements within elements",
              "fullTitle": "Traversing DOM elements in Cypress prevAll() to get all previous sibling DOM elements within elements",
              "timedOut": null,
              "duration": 373,
              "state": "passed",
              "speed": "fast",
              "pass": true,
              "fail": false,
              "pending": false,
              "context": null,
              "code": "// challenge: assert types of jobs and veridy number of previous jobs if sales is selected\ncy.get(\".sales\").prevAll().should(\"have.length\", 2);\n// there are 2, because actual element it does not count\ncy.get(\".sales\").prevAll().invoke(\"text\").should(\"include\", \"Finance\").and(\"include\", \"Technology\");",
              "err": {},
              "uuid": "70afb33f-06d6-4225-a940-4da1f490064a",
              "parentUUID": "8c5d7ed5-2cdf-499a-9e49-98421d862ad3",
              "isHook": false,
              "skipped": false
            },
            {
              "title": "prevUntil() to get all previous sibling DOM elements within elements until other element",
              "fullTitle": "Traversing DOM elements in Cypress prevUntil() to get all previous sibling DOM elements within elements until other element",
              "timedOut": null,
              "duration": 299,
              "state": "passed",
              "speed": "fast",
              "pass": true,
              "fail": false,
              "pending": false,
              "context": null,
              "code": "// challenge: check if list items contains following fruits:\ncy.get(\"#veggie\").prevUntil(\"#fruits\").should(\"have.length\", 5).invoke(\"text\").should(\"contain\", \"Apple\").and(\"contain\", \"Banana\").and(\"contain\", \"Blackberries\").and(\"contain\", \"Cherries\").and(\"contain\", \"Figs\");",
              "err": {},
              "uuid": "65cbb12e-f236-417e-9bb2-10293f47f8d4",
              "parentUUID": "8c5d7ed5-2cdf-499a-9e49-98421d862ad3",
              "isHook": false,
              "skipped": false
            },
            {
              "title": "siblings() To get all sibling DOM elements of elements",
              "fullTitle": "Traversing DOM elements in Cypress siblings() To get all sibling DOM elements of elements",
              "timedOut": null,
              "duration": 297,
              "state": "passed",
              "speed": "fast",
              "pass": true,
              "fail": false,
              "pending": false,
              "context": null,
              "code": "cy.get(\".traversal-button-other-states .active\").siblings().should(\"have.length\", 3);\n// verified it had 3 siblings\ncy.get(\".traversal-button-other-states .active\").siblings().invoke(\"text\").should(\"include\", \"Button-3\");\n// verified that Button-3 is included as a sibling of Button-1 element",
              "err": {},
              "uuid": "5cb69d4c-01a7-45a5-9df5-a9734edd8da9",
              "parentUUID": "8c5d7ed5-2cdf-499a-9e49-98421d862ad3",
              "isHook": false,
              "skipped": false
            }
          ],
          "suites": [],
          "passes": [
            "83c227cf-873d-4f82-927c-ce6da1c1f5bb",
            "dcadf432-4fb8-4010-a4bf-07c1d0b3f316",
            "11a29332-cb98-4048-8168-28b175e2a64c",
            "f4968ad5-e8f9-4f59-8abb-ec6a5ec56f15",
            "40ee1c8a-d3ec-4981-94e3-3f130a175a97",
            "a319c8b8-b6eb-44a9-ab21-bc2afa1f8ae8",
            "55d27e76-1deb-4085-87d9-846d932f4e37",
            "c40a8895-2e8f-4301-827b-1e36bbd2f149",
            "e7addbc2-efd9-4708-87af-be309671466a",
            "39b55720-070b-4a6f-8aa3-6022e98a9a66",
            "2ae64525-8070-46ac-bc39-3e2adacd04e2",
            "25be0da4-5b91-455d-af8c-a87a8742b812",
            "13629a36-71c2-4dff-aa8d-481c76cc140b",
            "70afb33f-06d6-4225-a940-4da1f490064a",
            "65cbb12e-f236-417e-9bb2-10293f47f8d4",
            "5cb69d4c-01a7-45a5-9df5-a9734edd8da9"
          ],
          "failures": [],
          "pending": [],
          "skipped": [],
          "duration": 6839,
          "root": false,
          "rootEmpty": false,
          "_timeout": 2000
        }
      ],
      "passes": [],
      "failures": [],
      "pending": [],
      "skipped": [],
      "duration": 0,
      "root": true,
      "rootEmpty": true,
      "_timeout": 2000
    }
  ],
  "meta": {
    "mocha": {
      "version": "7.0.1"
    },
    "mochawesome": {
      "options": {
        "quiet": false,
        "reportFilename": "mochawesome",
        "saveHtml": false,
        "saveJson": true,
        "consoleReporter": "spec",
        "useInlineDiffs": false,
        "code": true
      },
      "version": "7.1.3"
    },
    "marge": {
      "options": {
        "id": "default",
        "reportDir": "cypress/results/mochawesome",
        "quite": true,
        "overwrite": false,
        "html": false,
        "json": true
      },
      "version": "6.2.0"
    }
  }
}