{
  "stats": {
    "suites": 1,
    "tests": 1,
    "passes": 1,
    "pending": 0,
    "failures": 0,
    "start": "2023-10-24T13:09:38.878Z",
    "end": "2023-10-24T13:09:42.724Z",
    "duration": 3846,
    "testsRegistered": 1,
    "passPercent": 100,
    "pendingPercent": 0,
    "other": 0,
    "hasOther": false,
    "skipped": 0,
    "hasSkipped": false
  },
  "results": [
    {
      "uuid": "315fe86a-3627-4c20-979d-5b5f50974d3f",
      "title": "",
      "fullFile": "cypress\\e2e\\webdriver-uni\\browser-navigation.js",
      "file": "cypress\\e2e\\webdriver-uni\\browser-navigation.js",
      "beforeHooks": [],
      "afterHooks": [],
      "tests": [],
      "suites": [
        {
          "uuid": "49343c42-0b40-40a9-a0dd-547b6331acaa",
          "title": "Validate webdriveruni homepage links",
          "fullFile": "",
          "file": "",
          "beforeHooks": [],
          "afterHooks": [],
          "tests": [
            {
              "title": "Confirm links redirect to the correct pages",
              "fullTitle": "Validate webdriveruni homepage links Confirm links redirect to the correct pages",
              "timedOut": null,
              "duration": 3761,
              "state": "passed",
              "speed": "fast",
              "pass": true,
              "fail": false,
              "pending": false,
              "context": null,
              "code": "cy.visit(\"/\");\noutsmartNewTabOpening(\"#contact-us\");\ncy.url().should(\"include\", \"/Contact-Us/contactus.html\");\ncy.go(\"back\");\ncy.url().should(\"eq\", \"https://webdriveruniversity.com/\");\ncy.reload();\ncy.url().should(\"eq\", \"https://webdriveruniversity.com/\");\ncy.go(\"forward\");\ncy.url().should(\"include\", \"/Contact-Us/contactus.html\");\n// cy.reload(true); // without using cache\ncy.go(\"back\");\noutsmartNewTabOpening(\"#login-portal\");\ncy.url().should(\"include\", \"/Login-Portal/index.html\");\ncy.go(\"back\");\ncy.url().should(\"eq\", \"https://webdriveruniversity.com/\");\n// challenge:\n// click on to do list, verify if correct URL, go back and verify if user is on homepage\noutsmartNewTabOpening(\"#to-do-list\");\ncy.url().should(\"include\", \"/To-Do-List\");\ncy.go(\"back\");\ncy.url().should(\"eq\", \"https://webdriveruniversity.com/\");",
              "err": {},
              "uuid": "2c430a8d-9f32-46be-912a-b3df26c93cea",
              "parentUUID": "49343c42-0b40-40a9-a0dd-547b6331acaa",
              "isHook": false,
              "skipped": false
            }
          ],
          "suites": [],
          "passes": [
            "2c430a8d-9f32-46be-912a-b3df26c93cea"
          ],
          "failures": [],
          "pending": [],
          "skipped": [],
          "duration": 3761,
          "root": false,
          "rootEmpty": false,
          "_timeout": 2000
        }
      ],
      "passes": [],
      "failures": [],
      "pending": [],
      "skipped": [],
      "duration": 0,
      "root": true,
      "rootEmpty": true,
      "_timeout": 2000
    }
  ],
  "meta": {
    "mocha": {
      "version": "7.0.1"
    },
    "mochawesome": {
      "options": {
        "quiet": false,
        "reportFilename": "mochawesome",
        "saveHtml": false,
        "saveJson": true,
        "consoleReporter": "spec",
        "useInlineDiffs": false,
        "code": true
      },
      "version": "7.1.3"
    },
    "marge": {
      "options": {
        "id": "default",
        "reportDir": "cypress/results/mochawesome",
        "quite": true,
        "overwrite": false,
        "html": false,
        "json": true
      },
      "version": "6.2.0"
    }
  }
}